This is pdfTeX, Version 3.1415926-2.5-1.40.14 (TeX Live 2013/Arch Linux) (format=pdflatex 2013.8.13)  26 FEB 2014 11:58
entering extended mode
 restricted \write18 enabled.
 %&-line parsing enabled.
**14_User_guide_0.3a.tex
(./14_User_guide_0.3a.tex
LaTeX2e <2011/06/27>
Babel <3.9f> and hyphenation patterns for 78 languages loaded.
(/usr/share/texmf-dist/tex/latex/base/report.cls
Document Class: report 2007/10/19 v1.4h Standard LaTeX document class
(/usr/share/texmf-dist/tex/latex/base/size12.clo
File: size12.clo 2007/10/19 v1.4h Standard LaTeX file (size option)
)
\c@part=\count79
\c@chapter=\count80
\c@section=\count81
\c@subsection=\count82
\c@subsubsection=\count83
\c@paragraph=\count84
\c@subparagraph=\count85
\c@figure=\count86
\c@table=\count87
\abovecaptionskip=\skip41
\belowcaptionskip=\skip42
\bibindent=\dimen102
)
(/usr/share/texmf-dist/tex/latex/natbib/natbib.sty
Package: natbib 2010/09/13 8.31b (PWD, AO)
\bibhang=\skip43
\bibsep=\skip44
LaTeX Info: Redefining \cite on input line 694.
\c@NAT@ctr=\count88
)
(/usr/share/texmf-dist/tex/latex/graphics/graphicx.sty
Package: graphicx 1999/02/16 v1.0f Enhanced LaTeX Graphics (DPC,SPQR)

(/usr/share/texmf-dist/tex/latex/graphics/keyval.sty
Package: keyval 1999/03/16 v1.13 key=value parser (DPC)
\KV@toks@=\toks14
)
(/usr/share/texmf-dist/tex/latex/graphics/graphics.sty
Package: graphics 2009/02/05 v1.0o Standard LaTeX Graphics (DPC,SPQR)

(/usr/share/texmf-dist/tex/latex/graphics/trig.sty
Package: trig 1999/03/16 v1.09 sin cos tan (DPC)
)
(/usr/share/texmf-dist/tex/latex/latexconfig/graphics.cfg
File: graphics.cfg 2010/04/23 v1.9 graphics configuration of TeX Live
)
Package graphics Info: Driver file: pdftex.def on input line 91.

(/usr/share/texmf-dist/tex/latex/pdftex-def/pdftex.def
File: pdftex.def 2011/05/27 v0.06d Graphics/color for pdfTeX

(/usr/share/texmf-dist/tex/generic/oberdiek/infwarerr.sty
Package: infwarerr 2010/04/08 v1.3 Providing info/warning/error messages (HO)
)
(/usr/share/texmf-dist/tex/generic/oberdiek/ltxcmds.sty
Package: ltxcmds 2011/11/09 v1.22 LaTeX kernel commands for general use (HO)
)
\Gread@gobject=\count89
))
\Gin@req@height=\dimen103
\Gin@req@width=\dimen104
)
(/usr/share/texmf-dist/tex/latex/amsmath/amsmath.sty
Package: amsmath 2013/01/14 v2.14 AMS math features
\@mathmargin=\skip45

For additional information on amsmath, use the `?' option.
(/usr/share/texmf-dist/tex/latex/amsmath/amstext.sty
Package: amstext 2000/06/29 v2.01

(/usr/share/texmf-dist/tex/latex/amsmath/amsgen.sty
File: amsgen.sty 1999/11/30 v2.0
\@emptytoks=\toks15
\ex@=\dimen105
))
(/usr/share/texmf-dist/tex/latex/amsmath/amsbsy.sty
Package: amsbsy 1999/11/29 v1.2d
\pmbraise@=\dimen106
)
(/usr/share/texmf-dist/tex/latex/amsmath/amsopn.sty
Package: amsopn 1999/12/14 v2.01 operator names
)
\inf@bad=\count90
LaTeX Info: Redefining \frac on input line 210.
\uproot@=\count91
\leftroot@=\count92
LaTeX Info: Redefining \overline on input line 306.
\classnum@=\count93
\DOTSCASE@=\count94
LaTeX Info: Redefining \ldots on input line 378.
LaTeX Info: Redefining \dots on input line 381.
LaTeX Info: Redefining \cdots on input line 466.
\Mathstrutbox@=\box26
\strutbox@=\box27
\big@size=\dimen107
LaTeX Font Info:    Redeclaring font encoding OML on input line 566.
LaTeX Font Info:    Redeclaring font encoding OMS on input line 567.
\macc@depth=\count95
\c@MaxMatrixCols=\count96
\dotsspace@=\muskip10
\c@parentequation=\count97
\dspbrk@lvl=\count98
\tag@help=\toks16
\row@=\count99
\column@=\count100
\maxfields@=\count101
\andhelp@=\toks17
\eqnshift@=\dimen108
\alignsep@=\dimen109
\tagshift@=\dimen110
\tagwidth@=\dimen111
\totwidth@=\dimen112
\lineht@=\dimen113
\@envbody=\toks18
\multlinegap=\skip46
\multlinetaggap=\skip47
\mathdisplay@stack=\toks19
LaTeX Info: Redefining \[ on input line 2665.
LaTeX Info: Redefining \] on input line 2666.
)
(/usr/share/texmf-dist/tex/latex/graphics/color.sty
Package: color 2005/11/14 v1.0j Standard LaTeX Color (DPC)

(/usr/share/texmf-dist/tex/latex/latexconfig/color.cfg
File: color.cfg 2007/01/18 v1.5 color configuration of teTeX/TeXLive
)
Package color Info: Driver file: pdftex.def on input line 130.
)
(/usr/share/texmf-dist/tex/latex/xcolor/xcolor.sty
Package: xcolor 2007/01/21 v2.11 LaTeX color extensions (UK)

(/usr/share/texmf-dist/tex/latex/latexconfig/color.cfg
File: color.cfg 2007/01/18 v1.5 color configuration of teTeX/TeXLive
)
Package xcolor Info: Package option `usenames' ignored on input line 216.
Package xcolor Info: Driver file: pdftex.def on input line 225.
LaTeX Info: Redefining \color on input line 702.
Package xcolor Info: Model `cmy' substituted by `cmy0' on input line 1337.
Package xcolor Info: Model `hsb' substituted by `rgb' on input line 1341.
Package xcolor Info: Model `RGB' extended on input line 1353.
Package xcolor Info: Model `HTML' substituted by `rgb' on input line 1355.
Package xcolor Info: Model `Hsb' substituted by `hsb' on input line 1356.
Package xcolor Info: Model `tHsb' substituted by `hsb' on input line 1357.
Package xcolor Info: Model `HSB' substituted by `hsb' on input line 1358.
Package xcolor Info: Model `Gray' substituted by `gray' on input line 1359.
Package xcolor Info: Model `wave' substituted by `hsb' on input line 1360.

(/usr/share/texmf-dist/tex/latex/graphics/dvipsnam.def
File: dvipsnam.def 1999/02/16 v3.0i Driver-dependant file (DPC,SPQR)
))
(/usr/share/texmf-dist/tex/latex/preprint/fullpage.sty
Package: fullpage 1999/02/23 1.1 (PWD)
\FP@margin=\skip48
)
(/usr/share/texmf-dist/tex/latex/hyperref/hyperref.sty
Package: hyperref 2012/11/06 v6.83m Hypertext links for LaTeX

(/usr/share/texmf-dist/tex/generic/oberdiek/hobsub-hyperref.sty
Package: hobsub-hyperref 2012/05/28 v1.13 Bundle oberdiek, subset hyperref (HO)


(/usr/share/texmf-dist/tex/generic/oberdiek/hobsub-generic.sty
Package: hobsub-generic 2012/05/28 v1.13 Bundle oberdiek, subset generic (HO)
Package: hobsub 2012/05/28 v1.13 Construct package bundles (HO)
Package hobsub Info: Skipping package `infwarerr' (already loaded).
Package hobsub Info: Skipping package `ltxcmds' (already loaded).
Package: ifluatex 2010/03/01 v1.3 Provides the ifluatex switch (HO)
Package ifluatex Info: LuaTeX not detected.
Package: ifvtex 2010/03/01 v1.5 Detect VTeX and its facilities (HO)
Package ifvtex Info: VTeX not detected.
Package: intcalc 2007/09/27 v1.1 Expandable calculations with integers (HO)
Package: ifpdf 2011/01/30 v2.3 Provides the ifpdf switch (HO)
Package ifpdf Info: pdfTeX in PDF mode is detected.
Package: etexcmds 2011/02/16 v1.5 Avoid name clashes with e-TeX commands (HO)
Package etexcmds Info: Could not find \expanded.
(etexcmds)             That can mean that you are not using pdfTeX 1.50 or
(etexcmds)             that some package has redefined \expanded.
(etexcmds)             In the latter case, load this package earlier.
Package: kvsetkeys 2012/04/25 v1.16 Key value parser (HO)
Package: kvdefinekeys 2011/04/07 v1.3 Define keys (HO)
Package: pdftexcmds 2011/11/29 v0.20 Utility functions of pdfTeX for LuaTeX (HO
)
Package pdftexcmds Info: LuaTeX not detected.
Package pdftexcmds Info: \pdf@primitive is available.
Package pdftexcmds Info: \pdf@ifprimitive is available.
Package pdftexcmds Info: \pdfdraftmode found.
Package: pdfescape 2011/11/25 v1.13 Implements pdfTeX's escape features (HO)
Package: bigintcalc 2012/04/08 v1.3 Expandable calculations on big integers (HO
)
Package: bitset 2011/01/30 v1.1 Handle bit-vector datatype (HO)
Package: uniquecounter 2011/01/30 v1.2 Provide unlimited unique counter (HO)
)
Package hobsub Info: Skipping package `hobsub' (already loaded).
Package: letltxmacro 2010/09/02 v1.4 Let assignment for LaTeX macros (HO)
Package: hopatch 2012/05/28 v1.2 Wrapper for package hooks (HO)
Package: xcolor-patch 2011/01/30 xcolor patch
Package: atveryend 2011/06/30 v1.8 Hooks at the very end of document (HO)
Package atveryend Info: \enddocument detected (standard20110627).
Package: atbegshi 2011/10/05 v1.16 At begin shipout hook (HO)
Package: refcount 2011/10/16 v3.4 Data extraction from label references (HO)
Package: hycolor 2011/01/30 v1.7 Color options for hyperref/bookmark (HO)
)
(/usr/share/texmf-dist/tex/generic/ifxetex/ifxetex.sty
Package: ifxetex 2010/09/12 v0.6 Provides ifxetex conditional
)
(/usr/share/texmf-dist/tex/latex/oberdiek/auxhook.sty
Package: auxhook 2011/03/04 v1.3 Hooks for auxiliary files (HO)
)
(/usr/share/texmf-dist/tex/latex/oberdiek/kvoptions.sty
Package: kvoptions 2011/06/30 v3.11 Key value format for package options (HO)
)
\@linkdim=\dimen114
\Hy@linkcounter=\count102
\Hy@pagecounter=\count103

(/usr/share/texmf-dist/tex/latex/hyperref/pd1enc.def
File: pd1enc.def 2012/11/06 v6.83m Hyperref: PDFDocEncoding definition (HO)
)
\Hy@SavedSpaceFactor=\count104

(/usr/share/texmf-dist/tex/latex/latexconfig/hyperref.cfg
File: hyperref.cfg 2002/06/06 v1.2 hyperref configuration of TeXLive
)
Package hyperref Info: Hyper figures OFF on input line 4443.
Package hyperref Info: Link nesting OFF on input line 4448.
Package hyperref Info: Hyper index ON on input line 4451.
Package hyperref Info: Plain pages OFF on input line 4458.
Package hyperref Info: Backreferencing OFF on input line 4463.
Package hyperref Info: Implicit mode ON; LaTeX internals redefined.
Package hyperref Info: Bookmarks ON on input line 4688.
\c@Hy@tempcnt=\count105

(/usr/share/texmf-dist/tex/latex/url/url.sty
\Urlmuskip=\muskip11
Package: url 2006/04/12  ver 3.3  Verb mode for urls, etc.
)
LaTeX Info: Redefining \url on input line 5041.
\XeTeXLinkMargin=\dimen115
\Fld@menulength=\count106
\Field@Width=\dimen116
\Fld@charsize=\dimen117
Package hyperref Info: Hyper figures OFF on input line 6295.
Package hyperref Info: Link nesting OFF on input line 6300.
Package hyperref Info: Hyper index ON on input line 6303.
Package hyperref Info: backreferencing OFF on input line 6310.
Package hyperref Info: Link coloring OFF on input line 6315.
Package hyperref Info: Link coloring with OCG OFF on input line 6320.
Package hyperref Info: PDF/A mode OFF on input line 6325.
LaTeX Info: Redefining \ref on input line 6365.
LaTeX Info: Redefining \pageref on input line 6369.
\Hy@abspage=\count107
\c@Item=\count108
\c@Hfootnote=\count109
)

Package hyperref Message: Driver (autodetected): hpdftex.

(/usr/share/texmf-dist/tex/latex/hyperref/hpdftex.def
File: hpdftex.def 2012/11/06 v6.83m Hyperref driver for pdfTeX
\Fld@listcount=\count110
\c@bookmark@seq@number=\count111

(/usr/share/texmf-dist/tex/latex/oberdiek/rerunfilecheck.sty
Package: rerunfilecheck 2011/04/15 v1.7 Rerun checks for auxiliary files (HO)
Package uniquecounter Info: New unique counter `rerunfilecheck' on input line 2
82.
)
\Hy@SectionHShift=\skip49
)
(/usr/share/texmf-dist/tex/latex/hyphenat/hyphenat.sty
Package: hyphenat 2009/09/02 v2.3c hyphenation utilities
\langwohyphens=\language79
LaTeX Info: Redefining \_ on input line 43.
)
(./14_User_guide_0.3a.aux)
\openout1 = `14_User_guide_0.3a.aux'.

LaTeX Font Info:    Checking defaults for OML/cmm/m/it on input line 27.
LaTeX Font Info:    ... okay on input line 27.
LaTeX Font Info:    Checking defaults for T1/cmr/m/n on input line 27.
LaTeX Font Info:    ... okay on input line 27.
LaTeX Font Info:    Checking defaults for OT1/cmr/m/n on input line 27.
LaTeX Font Info:    ... okay on input line 27.
LaTeX Font Info:    Checking defaults for OMS/cmsy/m/n on input line 27.
LaTeX Font Info:    ... okay on input line 27.
LaTeX Font Info:    Checking defaults for OMX/cmex/m/n on input line 27.
LaTeX Font Info:    ... okay on input line 27.
LaTeX Font Info:    Checking defaults for U/cmr/m/n on input line 27.
LaTeX Font Info:    ... okay on input line 27.
LaTeX Font Info:    Checking defaults for PD1/pdf/m/n on input line 27.
LaTeX Font Info:    ... okay on input line 27.

(/usr/share/texmf-dist/tex/context/base/supp-pdf.mkii
[Loading MPS to PDF converter (version 2006.09.02).]
\scratchcounter=\count112
\scratchdimen=\dimen118
\scratchbox=\box28
\nofMPsegments=\count113
\nofMParguments=\count114
\everyMPshowfont=\toks20
\MPscratchCnt=\count115
\MPscratchDim=\dimen119
\MPnumerator=\count116
\makeMPintoPDFobject=\count117
\everyMPtoPDFconversion=\toks21
) (/usr/share/texmf-dist/tex/latex/oberdiek/epstopdf-base.sty
Package: epstopdf-base 2010/02/09 v2.5 Base part for package epstopdf

(/usr/share/texmf-dist/tex/latex/oberdiek/grfext.sty
Package: grfext 2010/08/19 v1.1 Manage graphics extensions (HO)
)
Package grfext Info: Graphics extension search list:
(grfext)             [.png,.pdf,.jpg,.mps,.jpeg,.jbig2,.jb2,.PNG,.PDF,.JPG,.JPE
G,.JBIG2,.JB2,.eps]
(grfext)             \AppendGraphicsExtensions on input line 452.

(/usr/share/texmf-dist/tex/latex/latexconfig/epstopdf-sys.cfg
File: epstopdf-sys.cfg 2010/07/13 v1.3 Configuration of (r)epstopdf for TeX Liv
e
))
\AtBeginShipoutBox=\box29
Package hyperref Info: Link coloring OFF on input line 27.

(/usr/share/texmf-dist/tex/latex/hyperref/nameref.sty
Package: nameref 2012/10/27 v2.43 Cross-referencing by name of section

(/usr/share/texmf-dist/tex/generic/oberdiek/gettitlestring.sty
Package: gettitlestring 2010/12/03 v1.4 Cleanup title references (HO)
)
\c@section@level=\count118
)
LaTeX Info: Redefining \ref on input line 27.
LaTeX Info: Redefining \pageref on input line 27.
LaTeX Info: Redefining \nameref on input line 27.

(./14_User_guide_0.3a.out) (./14_User_guide_0.3a.out)
\@outlinefile=\write3
\openout3 = `14_User_guide_0.3a.out'.


<documentation_images/dome_at_night.jpg, id=269, 1777.64125pt x 2384.91pt>
File: documentation_images/dome_at_night.jpg Graphic file (type jpg)

<use documentation_images/dome_at_night.jpg>
Package pdftex.def Info: documentation_images/dome_at_night.jpg used on input l
ine 37.
(pdftex.def)             Requested size: 384.1122pt x 515.3294pt.
 [1

{/var/lib/texmf/fonts/map/pdftex/updmap/pdftex.map} <./documentation_images/dom
e_at_night.jpg>]
(./14_User_guide_0.3a.toc [2

])
\tf@toc=\write4
\openout4 = `14_User_guide_0.3a.toc'.

 [3]
Chapter 1.
<documentation_images/telescope.jpg, id=358, 154.176pt x 102.1416pt>
File: documentation_images/telescope.jpg Graphic file (type jpg)

<use documentation_images/telescope.jpg>
Package pdftex.def Info: documentation_images/telescope.jpg used on input line 
61.
(pdftex.def)             Requested size: 352.31624pt x 233.43854pt.

Underfull \hbox (badness 10000) in paragraph at lines 65--68

 []


Overfull \hbox (1.11514pt too wide) in paragraph at lines 69--70
[]\OT1/cmr/m/n/12 Previously known sim-ply as the UCT Teach-ing Ob-ser-va-tory,
 these fa-cil-i-ties were ded-i-cated
 []


Underfull \hbox (badness 10000) in paragraph at lines 69--70

 []


Underfull \hbox (badness 10000) in paragraph at lines 71--72

 []


Underfull \hbox (badness 10000) in paragraph at lines 73--76

 []

[4

 <./documentation_images/telescope.jpg>]
Overfull \hbox (11.48915pt too wide) in paragraph at lines 77--79
[]\OT1/cmr/bx/n/12 Chapter 3 \OT1/cmr/m/n/12 out-lines a num-ber of ad-vanced o
b-serv-ing pro-ce-dures, in-clud-ing re-mote ob-serv-ing
 []


Underfull \hbox (badness 10000) in paragraph at lines 77--79

 []


Underfull \hbox (badness 10000) in paragraph at lines 80--81

 []


Underfull \hbox (badness 10000) in paragraph at lines 82--83

 []

[5]
Chapter 2.
<documentation_images/plugs_E.jpg, id=371, 1778.645pt x 1333.98375pt>
File: documentation_images/plugs_E.jpg Graphic file (type jpg)

<use documentation_images/plugs_E.jpg>
Package pdftex.def Info: documentation_images/plugs_E.jpg used on input line 11
0.
(pdftex.def)             Requested size: 230.18251pt x 172.63013pt.

<documentation_images/plugsN_2.jpg, id=372, 1778.645pt x 1333.98375pt>
File: documentation_images/plugsN_2.jpg Graphic file (type jpg)

<use documentation_images/plugsN_2.jpg>
Package pdftex.def Info: documentation_images/plugsN_2.jpg used on input line 1
11.
(pdftex.def)             Requested size: 230.18251pt x 172.63013pt.

Underfull \hbox (badness 10000) in paragraph at lines 118--122

 []

[6

 <./documentation_images/plugs_E.jpg> <./documentation_images/plugsN_2.jpg>]
Underfull \hbox (badness 10000) in paragraph at lines 128--130

 []

<documentation_images/drive_Dec.jpg, id=378, 1778.645pt x 1333.98375pt>
File: documentation_images/drive_Dec.jpg Graphic file (type jpg)

<use documentation_images/drive_Dec.jpg>
Package pdftex.def Info: documentation_images/drive_Dec.jpg used on input line 
139.
(pdftex.def)             Requested size: 230.18251pt x 172.63013pt.

<documentation_images/drive_RA.jpg, id=379, 1778.645pt x 1334.9875pt>
File: documentation_images/drive_RA.jpg Graphic file (type jpg)

<use documentation_images/drive_RA.jpg>
Package pdftex.def Info: documentation_images/drive_RA.jpg used on input line 1
40.
(pdftex.def)             Requested size: 230.18251pt x 172.76003pt.

Underfull \hbox (badness 10000) in paragraph at lines 147--153

 []


Underfull \hbox (badness 10000) in paragraph at lines 154--156

 []


Underfull \hbox (badness 10000) in paragraph at lines 157--161

 []


Underfull \hbox (badness 10000) in paragraph at lines 162--166

 []

[7 <./documentation_images/drive_Dec.jpg> <./documentation_images/drive_RA.jpg>
]
Underfull \hbox (badness 10000) in paragraph at lines 169--174

 []

<documentation_images/connect_telescope.png, id=390, 1028.34187pt x 578.16pt>
File: documentation_images/connect_telescope.png Graphic file (type png)

<use documentation_images/connect_telescope.png>
Package pdftex.def Info: documentation_images/connect_telescope.png used on inp
ut line 177.
(pdftex.def)             Requested size: 352.31624pt x 198.08035pt.

Underfull \hbox (badness 10000) in paragraph at lines 181--186

 []

<documentation_images/dome_control.jpg, id=391, 1778.645pt x 1333.98375pt>
File: documentation_images/dome_control.jpg Graphic file (type jpg)

<use documentation_images/dome_control.jpg>
Package pdftex.def Info: documentation_images/dome_control.jpg used on input li
ne 189.
(pdftex.def)             Requested size: 352.31624pt x 264.2273pt.

Underfull \hbox (badness 10000) in paragraph at lines 193--194

 []


Underfull \hbox (badness 10000) in paragraph at lines 198--200

 []


Underfull \hbox (badness 10000) in paragraph at lines 201--205

 []

[8 <./documentation_images/connect_telescope.png>]
Underfull \hbox (badness 10000) in paragraph at lines 206--210

 []

<documentation_images/maximdl_cooler.jpg, id=400, 2645.885pt x 2289.55376pt>
File: documentation_images/maximdl_cooler.jpg Graphic file (type jpg)

<use documentation_images/maximdl_cooler.jpg>
Package pdftex.def Info: documentation_images/maximdl_cooler.jpg used on input 
line 213.
(pdftex.def)             Requested size: 230.18251pt x 199.16861pt.

Underfull \hbox (badness 10000) in paragraph at lines 217--220

 []

[9 <./documentation_images/dome_control.jpg> <./documentation_images/maximdl_co
oler.jpg>]
<documentation_images/moving_telescope.png, id=407, 1028.34187pt x 578.16pt>
File: documentation_images/moving_telescope.png Graphic file (type png)

<use documentation_images/moving_telescope.png>
Package pdftex.def Info: documentation_images/moving_telescope.png used on inpu
t line 245.
(pdftex.def)             Requested size: 352.31624pt x 198.08035pt.

<documentation_images/tools_menu_1_1.png, id=408, 1028.34187pt x 578.16pt>
File: documentation_images/tools_menu_1_1.png Graphic file (type png)

<use documentation_images/tools_menu_1_1.png>
Package pdftex.def Info: documentation_images/tools_menu_1_1.png used on input 
line 255.
(pdftex.def)             Requested size: 352.31624pt x 198.08035pt.
LaTeX Font Info:    Try loading font information for OMS+cmr on input line 264.


(/usr/share/texmf-dist/tex/latex/base/omscmr.fd
File: omscmr.fd 1999/05/25 v2.5h Standard LaTeX font definitions
)
LaTeX Font Info:    Font shape `OMS/cmr/m/n' in size <12> not available
(Font)              Font shape `OMS/cmsy/m/n' tried instead on input line 264.

<documentation_images/pointing2_1.png, id=410, 1028.34187pt x 578.16pt>
File: documentation_images/pointing2_1.png Graphic file (type png)

<use documentation_images/pointing2_1.png>
Package pdftex.def Info: documentation_images/pointing2_1.png used on input lin
e 274.
(pdftex.def)             Requested size: 352.31624pt x 198.08035pt.
 [10 <./documentation_images/moving_telescope.png>]
Underfull \hbox (badness 10000) in paragraph at lines 288--289

 []

[11 <./documentation_images/tools_menu_1_1.png> <./documentation_images/pointin
g2_1.png>]
<documentation_images/focus_knob.jpg, id=431, 1778.645pt x 1333.98375pt>
File: documentation_images/focus_knob.jpg Graphic file (type jpg)

<use documentation_images/focus_knob.jpg>
Package pdftex.def Info: documentation_images/focus_knob.jpg used on input line
 315.
(pdftex.def)             Requested size: 352.31624pt x 264.2273pt.
 [12

 <./documentation_images/focus_knob.jpg>]
Missing character: There is no â in font cmr12!
Missing character: There is no € in font cmr12!
Missing character: There is no “ in font cmr12!
 [13] [14]
Underfull \hbox (badness 10000) in paragraph at lines 367--368

 []


Underfull \hbox (badness 10000) in paragraph at lines 369--370

 []


Overfull \hbox (5.463pt too wide) in paragraph at lines 378--379
 []\OT1/cmr/bx/n/12 Flat Fields.[] \OT1/cmr/m/n/12 Flat field im-ages are taken
 to ac-count for the large-scale vari-a-tions in sen-si-tiv-ity
 []


Underfull \hbox (badness 10000) in paragraph at lines 378--379

 []

<documentation_images/calibration_bias.jpg, id=471, 3083.52pt x 2055.68pt>
File: documentation_images/calibration_bias.jpg Graphic file (type jpg)

<use documentation_images/calibration_bias.jpg>
Package pdftex.def Info: documentation_images/calibration_bias.jpg used on inpu
t line 382.
(pdftex.def)             Requested size: 150.32503pt x 100.18654pt.

<documentation_images/calibration_dark.jpg, id=472, 1541.76pt x 1027.84pt>
File: documentation_images/calibration_dark.jpg Graphic file (type jpg)

<use documentation_images/calibration_dark.jpg>
Package pdftex.def Info: documentation_images/calibration_dark.jpg used on inpu
t line 383.
(pdftex.def)             Requested size: 150.32503pt x 100.20222pt.

<documentation_images/calibration_flat.jpg, id=473, 1541.76pt x 1027.84pt>
File: documentation_images/calibration_flat.jpg Graphic file (type jpg)

<use documentation_images/calibration_flat.jpg>
Package pdftex.def Info: documentation_images/calibration_flat.jpg used on inpu
t line 384.
(pdftex.def)             Requested size: 150.32503pt x 100.20222pt.
 [15

 <./documentation_images/calibration_bias.jpg> <./documentation_images/calibrat
ion_dark.jpg> <./documentation_images/calibration_flat.jpg>]
Underfull \hbox (badness 10000) in paragraph at lines 392--393

 []


Underfull \hbox (badness 10000) in paragraph at lines 412--415

 []


Underfull \hbox (badness 10000) in paragraph at lines 435--436

 []

<documentation_images/domelatch.jpg, id=483, 1686.3pt x 1598.97375pt>
File: documentation_images/domelatch.jpg Graphic file (type jpg)

<use documentation_images/domelatch.jpg>
Package pdftex.def Info: documentation_images/domelatch.jpg used on input line 
439.
(pdftex.def)             Requested size: 234.87749pt x 222.70807pt.

Underfull \hbox (badness 10000) in paragraph at lines 447--448

 []

[16

]
Underfull \hbox (badness 10000) in paragraph at lines 449--450

 []

[17 <./documentation_images/domelatch.jpg>]
Underfull \hbox (badness 10000) in paragraph at lines 455--456

 []


Underfull \hbox (badness 10000) in paragraph at lines 457--458

 []


Underfull \hbox (badness 10000) in paragraph at lines 459--460

 []

[18

] [19

]
Chapter 3.

Underfull \hbox (badness 10000) in paragraph at lines 533--534

 []


Underfull \hbox (badness 10000) in paragraph at lines 539--540

 []

Missing character: There is no â in font cmti12!
Missing character: There is no € in font cmti12!
Missing character: There is no “ in font cmti12!

Underfull \hbox (badness 10000) in paragraph at lines 542--543

 []


Underfull \hbox (badness 10000) in paragraph at lines 545--546

 []

[20

]
Underfull \hbox (badness 10000) in paragraph at lines 550--551

 []


Underfull \hbox (badness 10000) in paragraph at lines 558--559

 []


Underfull \hbox (badness 10000) in paragraph at lines 566--567

 []


Underfull \hbox (badness 10000) in paragraph at lines 570--571

 []

<documentation_images/annulus.png, id=533, 425.59pt x 349.305pt>
File: documentation_images/annulus.png Graphic file (type png)

<use documentation_images/annulus.png>
Package pdftex.def Info: documentation_images/annulus.png used on input line 57
6.
(pdftex.def)             Requested size: 352.31624pt x 289.1822pt.
 [21] [22 <./documentation_images/annulus.png>]
Chapter 4.
Missing character: There is no â in font cmr12!
Missing character: There is no € in font cmr12!
Missing character: There is no Ž in font cmr12!

Underfull \hbox (badness 10000) in paragraph at lines 604--605

 []


Underfull \hbox (badness 10000) in paragraph at lines 606--607

 []

<documentation_images/internal_LED.jpg, id=545, 1778.645pt x 1333.98375pt>
File: documentation_images/internal_LED.jpg Graphic file (type jpg)

<use documentation_images/internal_LED.jpg>
Package pdftex.def Info: documentation_images/internal_LED.jpg used on input li
ne 615.
(pdftex.def)             Requested size: 230.18251pt x 172.63013pt.
File: documentation_images/internal_LED.jpg Graphic file (type jpg)

<use documentation_images/internal_LED.jpg>
Package pdftex.def Info: documentation_images/internal_LED.jpg used on input li
ne 616.
(pdftex.def)             Requested size: 230.18251pt x 172.63013pt.

Underfull \hbox (badness 10000) in paragraph at lines 622--623

 []

[23

]
Underfull \hbox (badness 10000) in paragraph at lines 664--665

 []

[24 <./documentation_images/internal_LED.jpg>] [25]
Chapter 5.

Underfull \hbox (badness 10000) in paragraph at lines 681--682

 []


Underfull \hbox (badness 10000) in paragraph at lines 683--685

 []


Underfull \hbox (badness 10000) in paragraph at lines 690--691

 []

<documentation_images/AIJtoolbar.jpg, id=579, 662.475pt x 188.705pt>
File: documentation_images/AIJtoolbar.jpg Graphic file (type jpg)

<use documentation_images/AIJtoolbar.jpg>
Package pdftex.def Info: documentation_images/AIJtoolbar.jpg used on input line
 696.
(pdftex.def)             Requested size: 352.31624pt x 100.3558pt.

Underfull \hbox (badness 10000) in paragraph at lines 700--701

 []

<documentation_images/AIJ_DPwindow.jpg, id=581, 1206.5075pt x 909.3975pt>
File: documentation_images/AIJ_DPwindow.jpg Graphic file (type jpg)

<use documentation_images/AIJ_DPwindow.jpg>
Package pdftex.def Info: documentation_images/AIJ_DPwindow.jpg used on input li
ne 704.
(pdftex.def)             Requested size: 441.57083pt x 332.82236pt.

Underfull \hbox (badness 10000) in paragraph at lines 708--709

 []

[26

]
Underfull \hbox (badness 10000) in paragraph at lines 710--711

 []


Underfull \hbox (badness 10000) in paragraph at lines 712--713

 []


Underfull \hbox (badness 10000) in paragraph at lines 714--715

 []

[27 <./documentation_images/AIJtoolbar.jpg> <./documentation_images/AIJ_DPwindo
w.jpg>]
Underfull \hbox (badness 10000) in paragraph at lines 720--721

 []


Underfull \hbox (badness 10000) in paragraph at lines 727--728

 []


Underfull \hbox (badness 10000) in paragraph at lines 729--730

 []


Underfull \hbox (badness 10000) in paragraph at lines 731--732

 []


Underfull \hbox (badness 10000) in paragraph at lines 733--734

 []


Underfull \hbox (badness 10000) in paragraph at lines 735--736

 []

[28]
Underfull \hbox (badness 10000) in paragraph at lines 741--742

 []


Underfull \hbox (badness 10000) in paragraph at lines 756--757

 []

<documentation_images/AIJtoolbarMA.jpg, id=598, 662.475pt x 188.705pt>
File: documentation_images/AIJtoolbarMA.jpg Graphic file (type jpg)

<use documentation_images/AIJtoolbarMA.jpg>
Package pdftex.def Info: documentation_images/AIJtoolbarMA.jpg used on input li
ne 762.
(pdftex.def)             Requested size: 441.57083pt x 125.78093pt.
 [29]
<documentation_images/AIJlinetool.jpg, id=612, 662.475pt x 188.705pt>
File: documentation_images/AIJlinetool.jpg Graphic file (type jpg)

<use documentation_images/AIJlinetool.jpg>
Package pdftex.def Info: documentation_images/AIJlinetool.jpg used on input lin
e 782.
(pdftex.def)             Requested size: 441.57083pt x 125.78093pt.
 [30 <./documentation_images/AIJtoolbarMA.jpg> <./documentation_images/AIJlinet
ool.jpg>]
<documentation_images/photometry_targets.jpg, id=625, 957.5775pt x 1296.845pt>
File: documentation_images/photometry_targets.jpg Graphic file (type jpg)

<use documentation_images/photometry_targets.jpg>
Package pdftex.def Info: documentation_images/photometry_targets.jpg used on in
put line 799.
(pdftex.def)             Requested size: 258.36667pt x 349.89558pt.

Underfull \hbox (badness 10000) in paragraph at lines 804--805

 []


Overfull \hbox (33.16106pt too wide) in paragraph at lines 813--814
\OT1/cmr/m/n/12 deep-space you might be used to see-ing. Aside: Visit \OT1/cmtt
/m/n/12 http://apod.nasa.gov/apod/astropix.html
 []


Underfull \hbox (badness 10000) in paragraph at lines 813--814

 []


Underfull \hbox (badness 10000) in paragraph at lines 815--816

 []

[31 <./documentation_images/photometry_targets.jpg>]
Underfull \hbox (badness 10000) in paragraph at lines 817--818

 []

<documentation_images/thors_hat.jpg, id=635, 1402.23875pt x 938.50626pt>
File: documentation_images/thors_hat.jpg Graphic file (type jpg)

<use documentation_images/thors_hat.jpg>
Package pdftex.def Info: documentation_images/thors_hat.jpg used on input line 
822.
(pdftex.def)             Requested size: 352.31624pt x 235.80026pt.
 [32 <./documentation_images/thors_hat.jpg>]
Chapter 6.

Underfull \hbox (badness 10000) in paragraph at lines 839--843

 []


Underfull \hbox (badness 10000) in paragraph at lines 844--847

 []


Underfull \hbox (badness 10000) in paragraph at lines 848--851

 []

[33

]
Chapter 7.

Underfull \hbox (badness 10000) in paragraph at lines 867--868

 []

<documentation_images/change_inst1.jpg, id=647, 1778.645pt x 1333.98375pt>
File: documentation_images/change_inst1.jpg Graphic file (type jpg)

<use documentation_images/change_inst1.jpg>
Package pdftex.def Info: documentation_images/change_inst1.jpg used on input li
ne 881.
(pdftex.def)             Requested size: 230.18251pt x 172.63013pt.

<documentation_images/change_inst2.jpg, id=648, 1778.645pt x 1333.98375pt>
File: documentation_images/change_inst2.jpg Graphic file (type jpg)

<use documentation_images/change_inst2.jpg>
Package pdftex.def Info: documentation_images/change_inst2.jpg used on input li
ne 882.
(pdftex.def)             Requested size: 230.18251pt x 172.63013pt.

<documentation_images/change_inst3.jpg, id=650, 1778.645pt x 1333.98375pt>
File: documentation_images/change_inst3.jpg Graphic file (type jpg)

<use documentation_images/change_inst3.jpg>
Package pdftex.def Info: documentation_images/change_inst3.jpg used on input li
ne 891.
(pdftex.def)             Requested size: 230.18251pt x 172.63013pt.

<documentation_images/change_inst4.jpg, id=651, 1778.645pt x 1333.98375pt>
File: documentation_images/change_inst4.jpg Graphic file (type jpg)

<use documentation_images/change_inst4.jpg>
Package pdftex.def Info: documentation_images/change_inst4.jpg used on input li
ne 892.
(pdftex.def)             Requested size: 230.18251pt x 172.63013pt.
 [34

]
<documentation_images/change_inst5.jpg, id=669, 1778.645pt x 1333.98375pt>
File: documentation_images/change_inst5.jpg Graphic file (type jpg)

<use documentation_images/change_inst5.jpg>
Package pdftex.def Info: documentation_images/change_inst5.jpg used on input li
ne 904.
(pdftex.def)             Requested size: 230.18251pt x 172.63013pt.

<documentation_images/change_inst6.jpg, id=670, 1777.64125pt x 1311.90125pt>
File: documentation_images/change_inst6.jpg Graphic file (type jpg)

<use documentation_images/change_inst6.jpg>
Package pdftex.def Info: documentation_images/change_inst6.jpg used on input li
ne 905.
(pdftex.def)             Requested size: 230.18251pt x 169.87253pt.
 [35 <./documentation_images/change_inst1.jpg> <./documentation_images/change_i
nst2.jpg> <./documentation_images/change_inst3.jpg> <./documentation_images/cha
nge_inst4.jpg>] [36 <./documentation_images/change_inst5.jpg> <./documentation_
images/change_inst6.jpg>]
Chapter 8.
[37

]
Chapter 9.
Package atveryend Info: Empty hook `BeforeClearDocument' on input line 943.
[38

]
Package atveryend Info: Empty hook `AfterLastShipout' on input line 943.
 (./14_User_guide_0.3a.aux)
Package atveryend Info: Executing hook `AtVeryEndDocument' on input line 943.
Package atveryend Info: Executing hook `AtEndAfterFileList' on input line 943.
Package rerunfilecheck Info: File `14_User_guide_0.3a.out' has not changed.
(rerunfilecheck)             Checksum: D01E7EA24E4E4032957BF44CAE74D894;4695.
Package atveryend Info: Empty hook `AtVeryVeryEnd' on input line 943.
 ) 
Here is how much of TeX's memory you used:
 7064 strings out of 493315
 102249 string characters out of 6143704
 197429 words of memory out of 5000000
 10196 multiletter control sequences out of 15000+600000
 11694 words of font info for 43 fonts, out of 8000000 for 9000
 957 hyphenation exceptions out of 8191
 29i,6n,35p,804b,420s stack positions out of 5000i,500n,10000p,200000b,80000s
</usr/share/texmf-dist/fonts/type1/public/amsfonts/cm/cmbx12.pfb></usr/share/
texmf-dist/fonts/type1/public/amsfonts/cm/cmbxti10.pfb></usr/share/texmf-dist/f
onts/type1/public/amsfonts/cm/cmmi10.pfb></usr/share/texmf-dist/fonts/type1/pub
lic/amsfonts/cm/cmmi12.pfb></usr/share/texmf-dist/fonts/type1/public/amsfonts/c
m/cmr10.pfb></usr/share/texmf-dist/fonts/type1/public/amsfonts/cm/cmr12.pfb></u
sr/share/texmf-dist/fonts/type1/public/amsfonts/cm/cmr17.pfb></usr/share/texmf-
dist/fonts/type1/public/amsfonts/cm/cmr8.pfb></usr/share/texmf-dist/fonts/type1
/public/amsfonts/cm/cmsy10.pfb></usr/share/texmf-dist/fonts/type1/public/amsfon
ts/cm/cmsy8.pfb></usr/share/texmf-dist/fonts/type1/public/amsfonts/cm/cmti12.pf
b></usr/share/texmf-dist/fonts/type1/public/amsfonts/cm/cmtt12.pfb>
Output written on 14_User_guide_0.3a.pdf (38 pages, 18773248 bytes).
PDF statistics:
 783 PDF objects out of 1000 (max. 8388607)
 692 compressed objects within 7 object streams
 220 named destinations out of 1000 (max. 500000)
 684 words of extra memory for PDF output out of 10000 (max. 10000000)

