\BOOKMARK [0][-]{chapter.1}{The Tony Fairall Teaching Observatory}{}% 1
\BOOKMARK [0][-]{chapter.2}{Basic Observing Procedures}{}% 2
\BOOKMARK [1][-]{section.2.1}{Start up procedures}{chapter.2}% 3
\BOOKMARK [2][-]{subsection.2.1.1}{Connecting the laptop}{section.2.1}% 4
\BOOKMARK [2][-]{subsection.2.1.2}{Dome and telescope cover}{section.2.1}% 5
\BOOKMARK [2][-]{subsection.2.1.3}{The pull test}{section.2.1}% 6
\BOOKMARK [2][-]{subsection.2.1.4}{Unlocking the RA and DEC drives}{section.2.1}% 7
\BOOKMARK [2][-]{subsection.2.1.5}{Telescope control: The SkyX}{section.2.1}% 8
\BOOKMARK [2][-]{subsection.2.1.6}{CCD control: Maxim DL}{section.2.1}% 9
\BOOKMARK [1][-]{section.2.2}{Acquiring a target}{chapter.2}% 10
\BOOKMARK [2][-]{subsection.2.2.1}{Aligning the pointing of the telescope}{section.2.2}% 11
\BOOKMARK [2][-]{subsection.2.2.2}{Focussing the telescope}{section.2.2}% 12
\BOOKMARK [2][-]{subsection.2.2.3}{Selecting a guide star}{section.2.2}% 13
\BOOKMARK [1][-]{section.2.3}{Science imaging}{chapter.2}% 14
\BOOKMARK [2][-]{subsection.2.3.1}{CCD Setup}{section.2.3}% 15
\BOOKMARK [2][-]{subsection.2.3.2}{Taking Images}{section.2.3}% 16
\BOOKMARK [2][-]{subsection.2.3.3}{Adjusting Images}{section.2.3}% 17
\BOOKMARK [2][-]{subsection.2.3.4}{Saving Images}{section.2.3}% 18
\BOOKMARK [2][-]{subsection.2.3.5}{Calibration Images}{section.2.3}% 19
\BOOKMARK [1][-]{section.2.4}{Close down procedures}{chapter.2}% 20
\BOOKMARK [2][-]{subsection.2.4.1}{CCD control: Maxim DL}{section.2.4}% 21
\BOOKMARK [2][-]{subsection.2.4.2}{Telescope control: The SkyX}{section.2.4}% 22
\BOOKMARK [2][-]{subsection.2.4.3}{Locking the RA and DEC drives}{section.2.4}% 23
\BOOKMARK [2][-]{subsection.2.4.4}{Pull test and covers}{section.2.4}% 24
\BOOKMARK [2][-]{subsection.2.4.5}{Disconnect power}{section.2.4}% 25
\BOOKMARK [2][-]{subsection.2.4.6}{Close the dome}{section.2.4}% 26
\BOOKMARK [1][-]{section.2.5}{In the event of a power failure}{chapter.2}% 27
\BOOKMARK [1][-]{section.2.6}{Important phone numbers and observer safety}{chapter.2}% 28
\BOOKMARK [1][-]{section.2.7}{Check lists}{chapter.2}% 29
\BOOKMARK [2][-]{subsection.2.7.1}{Start of Night Check List}{section.2.7}% 30
\BOOKMARK [2][-]{subsection.2.7.2}{End of Night Check List}{section.2.7}% 31
\BOOKMARK [0][-]{chapter.3}{Photometry}{}% 32
\BOOKMARK [1][-]{section.3.1}{Getting WCS coordinates in your image}{chapter.3}% 33
\BOOKMARK [2][-]{subsection.3.1.1}{With MaximDL}{section.3.1}% 34
\BOOKMARK [2][-]{subsection.3.1.2}{With astrometry.net}{section.3.1}% 35
\BOOKMARK [2][-]{subsection.3.1.3}{With The SkyX}{section.3.1}% 36
\BOOKMARK [1][-]{section.3.2}{Standard Stars and Calibration}{chapter.3}% 37
\BOOKMARK [1][-]{section.3.3}{Aperture photometry}{chapter.3}% 38
\BOOKMARK [1][-]{section.3.4}{The Point Spread Function}{chapter.3}% 39
\BOOKMARK [1][-]{section.3.5}{Photometric filters}{chapter.3}% 40
\BOOKMARK [1][-]{section.3.6}{Differential photmetry}{chapter.3}% 41
\BOOKMARK [0][-]{chapter.4}{Spectroscopy}{}% 42
\BOOKMARK [1][-]{section.4.1}{Positioning an object on the slit}{chapter.4}% 43
\BOOKMARK [1][-]{section.4.2}{Set up Autoguiding}{chapter.4}% 44
\BOOKMARK [1][-]{section.4.3}{Taking spectra}{chapter.4}% 45
\BOOKMARK [1][-]{section.4.4}{Standard Spectrographic Stars for Calibration}{chapter.4}% 46
\BOOKMARK [0][-]{chapter.5}{Basic image reduction with AstroImageJ}{}% 47
\BOOKMARK [1][-]{section.5.1}{Installation}{chapter.5}% 48
\BOOKMARK [1][-]{section.5.2}{Making master calibration files}{chapter.5}% 49
\BOOKMARK [1][-]{section.5.3}{Calibrating Images}{chapter.5}% 50
\BOOKMARK [1][-]{section.5.4}{Combining Images}{chapter.5}% 51
\BOOKMARK [2][-]{subsection.5.4.1}{Aligning images}{section.5.4}% 52
\BOOKMARK [1][-]{section.5.5}{Measuring Point Spread Function}{chapter.5}% 53
\BOOKMARK [1][-]{section.5.6}{Photometry in AstroImageJ}{chapter.5}% 54
\BOOKMARK [1][-]{section.5.7}{Making LRGB images}{chapter.5}% 55
\BOOKMARK [0][-]{chapter.6}{Remote observing}{}% 56
\BOOKMARK [1][-]{section.6.1}{Remote access and Weather considerations}{chapter.6}% 57
\BOOKMARK [1][-]{section.6.2}{Weather conditions}{chapter.6}% 58
\BOOKMARK [0][-]{chapter.7}{Advanced Observation Procedures}{}% 59
\BOOKMARK [1][-]{section.7.1}{Instrument change}{chapter.7}% 60
\BOOKMARK [2][-]{subsection.7.1.1}{Changing from the CCD-imager to the spectrograph}{section.7.1}% 61
\BOOKMARK [2][-]{subsection.7.1.2}{Changing from the spectrograph to the CCD-imager}{section.7.1}% 62
\BOOKMARK [2][-]{subsection.7.1.3}{Maintenance}{section.7.1}% 63
\BOOKMARK [2][-]{subsection.7.1.4}{Mosaics}{section.7.1}% 64
\BOOKMARK [0][-]{chapter.8}{Automatic Reduction API}{}% 65
\BOOKMARK [0][-]{chapter.9}{Troubleshooting}{}% 66
